Traceback (most recent call last):
  File "/home/pepo/Datos completos/Proyecto-LIDIA-ec3-pedro/scripts/cargar_regiones_administrativas.py", line 100, in download_official_departments
    data = json.loads(payload.decode("utf-8"))
  File "/usr/lib/python3.13/json/__init__.py", line 352, in loads
    return _default_decoder.decode(s)
           ~~~~~~~~~~~~~~~~~~~~~~~^^^
  File "/usr/lib/python3.13/json/decoder.py", line 345, in decode
    obj, end = self.raw_decode(s, idx=_w(s, 0).end())
               ~~~~~~~~~~~~~~~^^^^^^^^^^^^^^^^^^^^^^^
  File "/usr/lib/python3.13/json/decoder.py", line 363, in raw_decode
    raise JSONDecodeError("Expecting value", s, err.value) from None
json.decoder.JSONDecodeError: Expecting value: line 3 column 1 (char 4)

The above exception was the direct cause of the following exception:

Traceback (most recent call last):
  File "/home/pepo/Datos completos/Proyecto-LIDIA-ec3-pedro/scripts/cargar_regiones_administrativas.py", line 265, in <module>
    raise SystemExit(main())
                     ~~~~^^
  File "/home/pepo/Datos completos/Proyecto-LIDIA-ec3-pedro/scripts/cargar_regiones_administrativas.py", line 242, in main
    selected_file = str(download_official_departments(Path(args.download_output).expanduser()))
                        ~~~~~~~~~~~~~~~~~~~~~~~~~~~~~^^^^^^^^^^^^^^^^^^^^^^^^^^^^^^^^^^^^^^^^^
  File "/home/pepo/Datos completos/Proyecto-LIDIA-ec3-pedro/scripts/cargar_regiones_administrativas.py", line 102, in download_official_departments
    raise RuntimeError(
    ...<2 lines>...
    ) from exc
RuntimeError: El servicio oficial no devolvió GeoJSON válido. Descargue manualmente una capa Polygon/MultiPolygon real y use --file.
exit_code=1
