# Busqueda complemento FIRMS 2025

```json
{
  "objetivo": "Buscar complemento FIRMS 2025 posterior a 2025-01-01 para URY/ARG/BRA",
  "candidatos_encontrados": 5,
  "complementos_validos": [],
  "decision": "no_integrar",
  "motivo": "No hay archivo con filas 2025 posteriores a 2025-01-01 para URY/ARG/BRA. firms_procesado.parquet trae 2025 solo para CHL; NRT es 2026 y no se usa como sustituto.",
  "profiles": [
    {
      "ruta": "/home/pepo/Datos completos/DL_FIRE_M-C61_740435/fire_archive_M-C61_740435.shp",
      "formato": "shp",
      "size_bytes": 102817640,
      "filas": 3672055,
      "columnas": [
        "LATITUDE",
        "LONGITUDE",
        "BRIGHTNESS",
        "SCAN",
        "TRACK",
        "ACQ_DATE",
        "ACQ_TIME",
        "SATELLITE",
        "INSTRUMENT",
        "CONFIDENCE",
        "VERSION",
        "BRIGHT_T31",
        "FRP",
        "DAYNIGHT",
        "TYPE",
        "geometry"
      ],
      "columna_temporal_detectada": "ACQ_DATE",
      "fecha_min": "2018-01-01",
      "fecha_max": "2025-01-01",
      "columna_pais_detectada": null,
      "paises_detectados": {},
      "coordenadas_disponibles": true,
      "filas_2025_posterior_2025_01_01": 0,
      "sirve_para_completar_2025": false
    },
    {
      "ruta": "/home/pepo/Datos completos/Proyecto-LIDIA-ec3-pedro/data/processed/firms_2018_2025.parquet",
      "formato": "parquet",
      "size_bytes": 51047106,
      "filas": 2585806,
      "columnas": [
        "latitud",
        "longitud",
        "brillo_ti4",
        "scan",
        "track",
        "fecha_adq",
        "hora_adq_hhmm",
        "satelite",
        "instrumento",
        "confianza_raw",
        "version",
        "brillo_ti5",
        "potencia_radiativa",
        "dia_noche",
        "type",
        "pais",
        "pais_codigo",
        "confianza_num",
        "hora_adq",
        "es_diurno"
      ],
      "columna_temporal_detectada": "fecha_adq",
      "fecha_min": "2018-01-01",
      "fecha_max": "2025-01-01",
      "columna_pais_detectada": "pais_codigo",
      "paises_detectados": {
        "ARG": 462017,
        "BRA": 2116306,
        "URY": 7483
      },
      "coordenadas_disponibles": true,
      "filas_2025_posterior_2025_01_01": 0,
      "paises_2025_posterior_2025_01_01": {},
      "filas_2025_validas_ury_arg_bra": 0,
      "contiene_chl_2025": false,
      "sirve_para_completar_2025": false
    },
    {
      "ruta": "/home/pepo/Datos completos/Proyecto-LIDIA-ec3-pedro/data/processed/firms_nrt_procesado.parquet",
      "formato": "parquet",
      "size_bytes": 175329,
      "filas": 5283,
      "columnas": [
        "latitud",
        "longitud",
        "brillo_ti4",
        "scan",
        "track",
        "fecha_adq",
        "hora_adq_hhmm",
        "satelite",
        "instrumento",
        "confianza_raw",
        "version",
        "brillo_ti5",
        "potencia_radiativa",
        "dia_noche",
        "pais",
        "confianza_num",
        "hora_adq",
        "es_diurno"
      ],
      "columna_temporal_detectada": "fecha_adq",
      "fecha_min": "2026-05-11",
      "fecha_max": "2026-05-15",
      "columna_pais_detectada": "pais",
      "paises_detectados": {
        "ARG": 1334,
        "BRA": 2930,
        "CHL": 945,
        "URY": 74
      },
      "coordenadas_disponibles": true,
      "filas_2025_posterior_2025_01_01": 0,
      "paises_2025_posterior_2025_01_01": {},
      "filas_2025_validas_ury_arg_bra": 0,
      "contiene_chl_2025": false,
      "sirve_para_completar_2025": false
    },
    {
      "ruta": "/home/pepo/Datos completos/Proyecto-LIDIA-ec3-pedro/data/processed/firms_procesado.parquet",
      "formato": "parquet",
      "size_bytes": 44788022,
      "filas": 1946361,
      "columnas": [
        "latitud",
        "longitud",
        "brillo_ti4",
        "scan",
        "track",
        "fecha_adq",
        "hora_adq_hhmm",
        "satelite",
        "instrumento",
        "confianza_raw",
        "version",
        "brillo_ti5",
        "potencia_radiativa",
        "dia_noche",
        "type",
        "pais",
        "confianza_num",
        "hora_adq",
        "es_diurno"
      ],
      "columna_temporal_detectada": "fecha_adq",
      "fecha_min": "2024-01-01",
      "fecha_max": "2026-03-31",
      "columna_pais_detectada": "pais",
      "paises_detectados": {
        "ARG": 96232,
        "BRA": 1737010,
        "CHL": 109824,
        "URY": 3295
      },
      "coordenadas_disponibles": true,
      "filas_2025_posterior_2025_01_01": 48510,
      "paises_2025_posterior_2025_01_01": {
        "CHL": 48510
      },
      "filas_2025_validas_ury_arg_bra": 0,
      "contiene_chl_2025": true,
      "sirve_para_completar_2025": false
    },
    {
      "ruta": "/home/pepo/Datos completos/firms/firms_nrt_procesado.parquet",
      "formato": "parquet",
      "size_bytes": 175329,
      "filas": 5283,
      "columnas": [
        "latitud",
        "longitud",
        "brillo_ti4",
        "scan",
        "track",
        "fecha_adq",
        "hora_adq_hhmm",
        "satelite",
        "instrumento",
        "confianza_raw",
        "version",
        "brillo_ti5",
        "potencia_radiativa",
        "dia_noche",
        "pais",
        "confianza_num",
        "hora_adq",
        "es_diurno"
      ],
      "columna_temporal_detectada": "fecha_adq",
      "fecha_min": "2026-05-11",
      "fecha_max": "2026-05-15",
      "columna_pais_detectada": "pais",
      "paises_detectados": {
        "ARG": 1334,
        "BRA": 2930,
        "CHL": 945,
        "URY": 74
      },
      "coordenadas_disponibles": true,
      "filas_2025_posterior_2025_01_01": 0,
      "paises_2025_posterior_2025_01_01": {},
      "filas_2025_validas_ury_arg_bra": 0,
      "contiene_chl_2025": false,
      "sirve_para_completar_2025": false
    }
  ]
}
```
