{
  "ruta": "/home/pepo/Datos completos/Proyecto-LIDIA-ec3-pedro/data/raw/firms/DL_FIRE_M-C61_760803/fire_archive_M-C61_760803.shp",
  "formato": "shp",
  "filas": 3708772,
  "columnas": [
    "LATITUDE",
    "LONGITUDE",
    "BRIGHTNESS",
    "SCAN",
    "TRACK",
    "ACQ_DATE",
    "ACQ_TIME",
    "SATELLITE",
    "INSTRUMENT",
    "CONFIDENCE",
    "VERSION",
    "BRIGHT_T31",
    "FRP",
    "DAYNIGHT",
    "TYPE",
    "geometry"
  ],
  "columna_temporal_detectada": "ACQ_DATE",
  "fecha_min": "2025-01-01",
  "fecha_max": "2025-12-31",
  "coordenadas": {
    "latitud": true,
    "longitud": true
  },
  "columnas_firms_disponibles": [
    "BRIGHTNESS",
    "FRP",
    "CONFIDENCE",
    "SATELLITE",
    "INSTRUMENT",
    "ACQ_DATE",
    "ACQ_TIME",
    "LATITUDE",
    "LONGITUDE",
    "DAYNIGHT"
  ],
  "brightness_descripcion": "brillo_termico_pixel_satelital_no_temperatura_aire",
  "conteo_por_pais_clasificado": {
    "SIN_PAIS": 3416195,
    "ARG": 48121,
    "BRA": 236686,
    "CHL": 6728,
    "URY": 1042
  }
}
