[FIRMS] Buscando archivo FIRMS Parquet/CSV dentro del proyecto...
[FIRMS] Archivo seleccionado: /home/pepo/Datos completos/Proyecto-LIDIA-ec3-pedro/data/processed/firms_nrt_procesado.parquet
[FIRMS] FIRMS_FILE actualizado en config/.env
{'FIRMS_FILE': '/home/pepo/Datos completos/Proyecto-LIDIA-ec3-pedro/data/processed/firms_nrt_procesado.parquet', 'exists': True}
[FIRMS] Perfilando dataset origen...
{"start_date": "2026-05-01", "end_date": "2026-05-31", "out_of_scope": {"CHL": 945}}
[DOCKER] Levantando PostgreSQL y MongoDB locales...
 Container proyecto-lidia-ec3-pedro-mongo-1 Running 
 Container proyecto-lidia-ec3-pedro-postgres-1 Running 
[POSTGRES] Validando conexión local localhost:15432...
 current_database | current_user 
------------------+--------------
 proyecto_lidia   | lidia
(1 row)

[MONGO] Esperando y validando conexión local localhost:27027...
{ ok: 1 }
[LOCAL-DB] Preparando DDL PostgreSQL y colecciones Mongo locales...
[local-db] Levantando PostgreSQL y MongoDB locales...
 Container proyecto-lidia-ec3-pedro-mongo-1 Running 
 Container proyecto-lidia-ec3-pedro-postgres-1 Running 
 Container proyecto-lidia-ec3-pedro-mongo-1 Waiting 
 Container proyecto-lidia-ec3-pedro-postgres-1 Waiting 
 Container proyecto-lidia-ec3-pedro-mongo-1 Healthy 
 Container proyecto-lidia-ec3-pedro-postgres-1 Healthy 
[local-db] Ejecutando DDL PostgreSQL local...
== sql/ddl/00_schemas.sql ==
CREATE SCHEMA
CREATE SCHEMA
CREATE SCHEMA
NOTICE:  schema "staging" already exists, skipping
NOTICE:  schema "dw" already exists, skipping
NOTICE:  schema "audit" already exists, skipping
== sql/ddl/01_roles.sql ==
DO
GRANT
GRANT
ALTER DEFAULT PRIVILEGES
GRANT
GRANT
GRANT
ALTER DEFAULT PRIVILEGES
ALTER DEFAULT PRIVILEGES
ALTER DEFAULT PRIVILEGES
ALTER DEFAULT PRIVILEGES
ALTER DEFAULT PRIVILEGES
ALTER DEFAULT PRIVILEGES
GRANT
GRANT
GRANT
== sql/ddl/02_Schema.sql ==
CREATE TABLE
NOTICE:  relation "ingesta_metadata" already exists, skipping
NOTICE:  relation "rechazos_etl" already exists, skipping
CREATE TABLE
NOTICE:  relation "stg_firms" already exists, skipping
CREATE TABLE
NOTICE:  relation "stg_meteo" already exists, skipping
CREATE TABLE
NOTICE:  relation "stg_chirps" already exists, skipping
CREATE TABLE
NOTICE:  relation "stg_modis" already exists, skipping
CREATE TABLE
NOTICE:  relation "stg_calidad_aire" already exists, skipping
CREATE TABLE
NOTICE:  relation "dim_fecha" already exists, skipping
CREATE TABLE
NOTICE:  relation "dim_ubicacion" already exists, skipping
CREATE TABLE
NOTICE:  relation "dim_estacion_meteorologica" already exists, skipping
CREATE TABLE
NOTICE:  relation "dim_clima" already exists, skipping
CREATE TABLE
NOTICE:  relation "dim_precipitacion" already exists, skipping
CREATE TABLE
NOTICE:  relation "dim_cobertura_vegetal" already exists, skipping
CREATE TABLE
CREATE TABLE
NOTICE:  relation "dim_calidad_aire" already exists, skipping
COMMENT
CREATE TABLE
NOTICE:  relation "fact_incendio" already exists, skipping
COMMENT
CREATE TABLE
NOTICE:  relation "etl_runs" already exists, skipping
CREATE TABLE
NOTICE:  relation "cdc_eventos" already exists, skipping
NOTICE:  relation "asociacion_espacial_runs" already exists, skipping
CREATE TABLE
CREATE FUNCTION
== sql/ddl/03_indices.sql ==
NOTICE:  relation "idx_fact_fecha" already exists, skipping
CREATE INDEX
NOTICE:  relation "idx_fact_ubicacion_fecha" already exists, skipping
CREATE INDEX
NOTICE:  relation "idx_fact_enriquecimiento" already exists, skipping
CREATE INDEX
CREATE INDEX
NOTICE:  relation "idx_fact_frp" already exists, skipping
NOTICE:  relation "idx_fecha_anio_mes" already exists, skipping
CREATE INDEX
NOTICE:  relation "idx_ubicacion_pais" already exists, skipping
CREATE INDEX
NOTICE:  relation "idx_ubicacion_pais_coordenadas" already exists, skipping
CREATE INDEX
NOTICE:  relation "idx_clima_ubicacion_fecha" already exists, skipping
CREATE INDEX
NOTICE:  relation "idx_clima_fecha_fuente_ubicacion" already exists, skipping
CREATE INDEX
NOTICE:  relation "idx_clima_ubicacion_instante" already exists, skipping
CREATE INDEX
NOTICE:  relation "idx_precipitacion_ubicacion_fecha" already exists, skipping
CREATE INDEX
NOTICE:  relation "idx_precipitacion_fecha_ubicacion" already exists, skipping
CREATE INDEX
NOTICE:  relation "idx_cobertura_ubicacion_anio" already exists, skipping
CREATE INDEX
NOTICE:  relation "idx_cobertura_anio_ubicacion" already exists, skipping
CREATE INDEX
NOTICE:  relation "idx_calidad_aire_ubicacion_fecha" already exists, skipping
CREATE INDEX
NOTICE:  relation "idx_etl_fuente_inicio" already exists, skipping
CREATE INDEX
NOTICE:  relation "idx_cdc_run_tipo" already exists, skipping
CREATE INDEX
== sql/ddl/04_vistas.sql ==
CREATE VIEW
CREATE VIEW
CREATE VIEW
CREATE VIEW
CREATE VIEW
CREATE VIEW
CREATE VIEW
CREATE VIEW
GRANT
[local-db] Validando tablas PostgreSQL locales...
 table_schema |          table_name           
--------------+-------------------------------
 audit        | asociacion_espacial_runs
 audit        | cdc_eventos
 audit        | etl_runs
 dw           | dim_calidad_aire
 dw           | dim_clima
 dw           | dim_cobertura_vegetal
 dw           | dim_estacion_meteorologica
 dw           | dim_fecha
 dw           | dim_precipitacion
 dw           | dim_ubicacion
 dw           | fact_incendio
 dw           | v_calidad_aire_alta_actividad
 dw           | v_calidad_pipeline
 dw           | v_incendios_clima
 dw           | v_incendios_cobertura
 dw           | v_incendios_pais_periodo
 dw           | v_incendios_precipitacion
 dw           | v_incendios_region
 dw           | v_resumen_calidad_pipeline
 staging      | ingesta_metadata
 staging      | rechazos_etl
 staging      | stg_calidad_aire
 staging      | stg_chirps
 staging      | stg_firms
 staging      | stg_meteo
 staging      | stg_modis
(26 rows)

[local-db] Creando colecciones MongoDB locales con validadores...
proyecto_lidia> | | | | | | | [Function: ensureCollection]
proyecto_lidia> 
proyecto_lidia> 
proyecto_lidia> 
proyecto_lidia> | | | | | | | | | | | | 
proyecto_lidia> 
proyecto_lidia> | | | | | | | | | | | | 
proyecto_lidia> 
proyecto_lidia> | | | | | | | | | | | 
proyecto_lidia> 
proyecto_lidia> | | | | | | | | | | | | 
proyecto_lidia> 
proyecto_lidia> | | | | | | | | | | | 
proyecto_lidia> 
proyecto_lidia> | | | | | | | | | | {
  database: 'proyecto_lidia',
  collections: [
    'ingesta_metadata',
    'pipeline_logs',
    'raw_payloads',
    'rechazos_etl',
    'snapshots_firms'
  ],
  counts: {
    ingesta_metadata: 9,
    rechazos_etl: 0,
    raw_payloads: 862,
    pipeline_logs: 9,
    snapshots_firms: 4
  }
}

proyecto_lidia> [local-db] Resumen final local...
# Carga Local PostgreSQL/Mongo - Proyecto LIDIA

- PostgreSQL local: DDL ejecutado para esquemas staging, dw y audit.
- MongoDB local: colecciones documentales creadas con validadores, sin documentos sinteticos.
- No se ejecutó carga histórica completa.
- No se usaron credenciales reales de UTEC.
- MongoDB sigue siendo complemento documental; PostgreSQL es el DW principal.

Logs:
- evidencia/logs/local_db_compose_up.log
- evidencia/logs/local_postgres_ddl.log
- evidencia/logs/local_postgres_tablas.log
- evidencia/logs/local_mongo_carga.log
[local-db] Listo.
[ETL] Ejecutando carga controlada FIRMS para URY/ARG/BRA entre 2026-05-01 y 2026-05-31...
{"countries": ["URY", "ARG", "BRA"], "end_date": "2026-05-31", "estado": "inicio", "etapa": "pipeline", "fuente": "FIRMS", "max_records_per_source": 1000, "nota": "carga solicitada", "skip_mongo": false, "smoke": false, "start_date": "2026-05-01", "timestamp": "2026-06-02T21:19:03.896825+00:00"}
{"estado": "iniciado", "etapa": "inicio", "fuente": "FIRMS", "smoke": false, "timestamp": "2026-06-02T21:19:03.896920+00:00"}
{"estado": "iniciado", "etapa": "extract", "fuente": "FIRMS", "smoke": false, "timestamp": "2026-06-02T21:19:03.897302+00:00"}
{"estado": "ok", "etapa": "extract", "filas_filtradas": 838, "filas_leidas": 1000, "fuente": "FIRMS", "smoke": false, "timestamp": "2026-06-02T21:19:03.916883+00:00"}
{"estado": "iniciado", "etapa": "transform", "filas_leidas": 838, "fuente": "FIRMS", "smoke": false, "timestamp": "2026-06-02T21:19:03.916966+00:00"}
{"estado": "ok", "etapa": "transform", "filas_aceptadas": 838, "filas_rechazadas": 0, "fuente": "FIRMS", "smoke": false, "timestamp": "2026-06-02T21:19:04.025895+00:00"}
{"estado": "iniciado", "etapa": "load", "filas_leidas": 838, "fuente": "FIRMS", "smoke": false, "timestamp": "2026-06-02T21:19:04.025979+00:00"}
{"estado": "ok", "etapa": "load", "filas_actualizadas": 0, "filas_insertadas": 0, "filas_leidas": 838, "filas_rechazadas": 0, "filas_sin_cambio": 838, "fuente": "FIRMS", "promocion_dw": true, "smoke": false, "timestamp": "2026-06-02T21:19:04.270481+00:00"}
{"duracion_segundos": 0.426, "estado": "ok", "etapa": "pipeline", "filas_actualizadas": 0, "filas_cargadas": 0, "filas_insertadas": 0, "filas_leidas": 838, "filas_rechazadas": 0, "filas_sin_cambio": 838, "fuente": "FIRMS", "smoke": false, "timestamp": "2026-06-02T21:19:04.322677+00:00"}
{"estado": "fin", "etapa": "pipeline", "fuente": "FIRMS", "smoke": false, "timestamp": "2026-06-02T21:19:04.323203+00:00"}
{'filas_cargadas_o_actualizadas': 0, 'filas_sin_cambio': 838}
[POSTGRES] Guardando conteos post carga...
        tabla         | filas 
----------------------+-------
 staging.stg_firms    |   838
 staging.rechazos_etl |     0
 audit.etl_runs       |     9
 audit.cdc_eventos    |  5884
 dw.fact_incendio     |   838
(5 rows)

 pais_codigo | filas |      origen       
-------------+-------+-------------------
 ARG         |   256 | dw.fact_incendio
 BRA         |   564 | dw.fact_incendio
 URY         |    18 | dw.fact_incendio
 ARG         |   256 | staging.stg_firms
 BRA         |   564 | staging.stg_firms
 URY         |    18 | staging.stg_firms
(6 rows)

 paises_fuera_alcance 
----------------------
                    0
(1 row)

[MONGO] Guardando estado post carga...
[MONGO] Creando snapshots FIRMS derivados de PostgreSQL local...
{
  database: 'proyecto_lidia',
  collections: [
    'ingesta_metadata',
    'pipeline_logs',
    'raw_payloads',
    'rechazos_etl',
    'snapshots_firms'
  ],
  counts: {
    ingesta_metadata: 10,
    pipeline_logs: 10,
    raw_payloads: 1700,
    rechazos_etl: 0,
    snapshots_firms: 4
  }
}
{
  ingesta_metadata: 0,
  raw_payloads: 0,
  snapshots_firms: 0,
  pipeline_logs: 0,
  rechazos_etl: 0
}
[VALIDACION] Ejecutando validaciones finales...
[VALIDACION] python3 -m compileall -q .
[VALIDACION] python3 -m pytest -q tests
......................                                                   [100%]
22 passed in 0.46s
[VALIDACION] python3 scripts/ec3_verificar_logrado.py
{"ts": "2026-06-02T21:19:07.435234+00:00", "message": "postgres_connected", "mode": "psycopg2"}
{"ts": "2026-06-02T21:19:07.522113+00:00", "message": "mongo_connected", "mode": "pymongo", "database": "proyecto_lidia"}
{"ts": "2026-06-02T21:19:07.632675+00:00", "message": "run_cmd", "args": ["python", "-m", "compileall", "-q", "."]}
{"ts": "2026-06-02T21:19:07.633260+00:00", "message": "run_cmd", "args": ["python", "-m", "pytest", "-q", "tests"]}
{"ts": "2026-06-02T21:19:07.652100+00:00", "message": "report_generated", "run_log": "/home/pepo/Datos completos/Proyecto-LIDIA-ec3-pedro/evidencia/logs/ec3_verificacion_logrado_20260602T211907Z.log", "markdown": "/home/pepo/Datos completos/Proyecto-LIDIA-ec3-pedro/evidencia/logs/ec3_reporte_estado_actual.md", "urgencies": "/home/pepo/Datos completos/Proyecto-LIDIA-ec3-pedro/evidencia/logs/ec3_resumen_urgencias.json"}

Reporte: /home/pepo/Datos completos/Proyecto-LIDIA-ec3-pedro/evidencia/logs/ec3_reporte_estado_actual.md
Urgencias: /home/pepo/Datos completos/Proyecto-LIDIA-ec3-pedro/evidencia/logs/ec3_resumen_urgencias.json
Log: /home/pepo/Datos completos/Proyecto-LIDIA-ec3-pedro/evidencia/logs/ec3_verificacion_logrado_20260602T211907Z.log

# Resumen carga FIRMS smoke local
- Archivo FIRMS usado: /home/pepo/Datos completos/Proyecto-LIDIA-ec3-pedro/data/processed/firms_nrt_procesado.parquet
- Rango smoke usado: 2026-05-01 a 2026-05-31
- Archivo de configuración: config/.env
- PostgreSQL: validado en localhost:15432
- MongoDB: ok en localhost:27027
- Perfil FIRMS: evidencia/logs/firms_dataset_perfil.log
- Paises fuera de alcance: evidencia/logs/firms_paises_fuera_alcance.log
- Log de carga: evidencia/logs/carga_firms_smoke_local.log
- Conteos PostgreSQL: evidencia/logs/postgres_conteos_post_carga.log
- Validación países PostgreSQL: evidencia/logs/postgres_validacion_paises_alcance.log
- Estado MongoDB: evidencia/logs/mongo_estado_post_carga.log
- Validación países MongoDB: evidencia/logs/mongo_validacion_paises_alcance.log
- Log de validaciones: evidencia/logs/carga_firms_validaciones.log

[FIRMS] Proceso finalizado.

== Conteos CDC FIRMS ==
 fuente | tipo_evento  | eventos 
--------+--------------+---------
 FIRMS  | alta         |     838
 FIRMS  | modificacion |     838
 FIRMS  | sin_cambio   |    4208
(3 rows)


== Duplicados por natural_key en dw.fact_incendio ==
 natural_keys_duplicadas 
-------------------------
                       0
(1 row)

