[local-reset] 2026-06-04T16:08:45-03:00
[local-reset] Comando: CONFIRM_RESET=1 bash scripts/local_reset_and_load.sh
[carga-completa] INUMET omitido: no hay INUMET_FILE real configurado.
[carga-completa] Fuentes a cargar: FIRMS METEO CAMS CHIRPS MODIS
[carga-completa] Nota: CHL/Chile queda fuera del alcance y sera rechazado/descartado por restricciones URY/ARG/BRA.
[carga-completa] Levantando PostgreSQL y MongoDB locales...
 Container proyecto-lidia-ec3-pedro-mongo-1 Running 
 Container proyecto-lidia-ec3-pedro-postgres-1 Running 
 Container proyecto-lidia-ec3-pedro-postgres-1 Waiting 
 Container proyecto-lidia-ec3-pedro-mongo-1 Waiting 
 Container proyecto-lidia-ec3-pedro-postgres-1 Healthy 
 Container proyecto-lidia-ec3-pedro-mongo-1 Healthy 
[carga-completa] CONFIRM_RESET=1 detectado: reiniciando esquemas locales staging/dw/audit.
NOTICE:  drop cascades to 8 other objects
DETAIL:  drop cascades to table staging.ingesta_metadata
drop cascades to table staging.rechazos_etl
drop cascades to view dw.v_resumen_calidad_pipeline
drop cascades to table staging.stg_firms
drop cascades to table staging.stg_meteo
drop cascades to table staging.stg_chirps
drop cascades to table staging.stg_modis
drop cascades to table staging.stg_calidad_aire
NOTICE:  drop cascades to 16 other objects
DETAIL:  drop cascades to table dw.dim_fecha
drop cascades to table dw.dim_ubicacion
drop cascades to table dw.dim_estacion_meteorologica
drop cascades to table dw.dim_clima
drop cascades to table dw.dim_precipitacion
drop cascades to table dw.dim_cobertura_vegetal
drop cascades to table dw.dim_calidad_aire
drop cascades to table dw.fact_incendio
drop cascades to function dw.distancia_haversine_km(double precision,double precision,double precision,double precision)
drop cascades to view dw.v_incendios_pais_periodo
drop cascades to view dw.v_incendios_region
drop cascades to view dw.v_incendios_clima
drop cascades to view dw.v_incendios_precipitacion
drop cascades to view dw.v_incendios_cobertura
drop cascades to view dw.v_calidad_aire_alta_actividad
drop cascades to view dw.v_calidad_pipeline
NOTICE:  drop cascades to 3 other objects
DETAIL:  drop cascades to table audit.etl_runs
drop cascades to table audit.cdc_eventos
drop cascades to table audit.asociacion_espacial_runs
DROP SCHEMA
DROP SCHEMA
DROP SCHEMA
[carga-completa] Recreando estructuras SQL/NoSQL locales...
== sql/ddl/00_schemas.sql ==
CREATE SCHEMA
CREATE SCHEMA
CREATE SCHEMA
== sql/ddl/01_roles.sql ==
DO
GRANT
GRANT
ALTER DEFAULT PRIVILEGES
GRANT
GRANT
GRANT
ALTER DEFAULT PRIVILEGES
ALTER DEFAULT PRIVILEGES
ALTER DEFAULT PRIVILEGES
ALTER DEFAULT PRIVILEGES
ALTER DEFAULT PRIVILEGES
ALTER DEFAULT PRIVILEGES
GRANT
GRANT
GRANT
== sql/ddl/02_Schema.sql ==
CREATE TABLE
CREATE TABLE
CREATE TABLE
CREATE TABLE
CREATE TABLE
CREATE TABLE
CREATE TABLE
CREATE TABLE
CREATE TABLE
CREATE TABLE
CREATE TABLE
CREATE TABLE
CREATE TABLE
CREATE TABLE
COMMENT
CREATE TABLE
COMMENT
CREATE TABLE
CREATE TABLE
CREATE TABLE
CREATE FUNCTION
== sql/ddl/03_indices.sql ==
CREATE INDEX
CREATE INDEX
CREATE INDEX
CREATE INDEX
CREATE INDEX
CREATE INDEX
CREATE INDEX
CREATE INDEX
CREATE INDEX
CREATE INDEX
CREATE INDEX
CREATE INDEX
CREATE INDEX
CREATE INDEX
CREATE INDEX
CREATE INDEX
CREATE INDEX
== sql/ddl/04_vistas.sql ==
CREATE VIEW
CREATE VIEW
CREATE VIEW
CREATE VIEW
CREATE VIEW
CREATE VIEW
CREATE VIEW
CREATE VIEW
GRANT
[carga-completa] Creando colecciones MongoDB locales...
[local-db] Levantando PostgreSQL y MongoDB locales...
[local-db] DDL PostgreSQL omitido por LIDIA_LOCAL_DB_SKIP_DDL=1.
[local-db] Creando colecciones MongoDB locales con validadores...
[local-db] Si este paso demora, se esta aplicando collMod/createCollection en MongoDB local.
  database: 'proyecto_lidia',
  collections: [
  counts: {
proyecto_lidia> [local-db] Resumen final local...
[local-db] Listo.

[carga-completa] Cargando fuente real FIRMS...
{"countries": ["URY", "ARG", "BRA"], "end_date": null, "estado": "inicio", "etapa": "pipeline", "fuente": "FIRMS", "max_records_per_source": null, "nota": "carga solicitada", "skip_mongo": true, "smoke": false, "start_date": null, "timestamp": "2026-06-04T19:08:48.881219+00:00"}
{"estado": "iniciado", "etapa": "inicio", "fuente": "FIRMS", "smoke": false, "timestamp": "2026-06-04T19:08:48.881301+00:00"}
{"estado": "iniciado", "etapa": "extract", "fuente": "FIRMS", "smoke": false, "timestamp": "2026-06-04T19:08:48.881748+00:00"}
{"estado": "ok", "etapa": "extract", "filas_filtradas": 1836537, "filas_leidas": 1946361, "fuente": "FIRMS", "smoke": false, "timestamp": "2026-06-04T19:08:49.861007+00:00"}
{"estado": "iniciado", "etapa": "transform", "filas_leidas": 1836537, "fuente": "FIRMS", "smoke": false, "timestamp": "2026-06-04T19:08:49.861144+00:00"}
{"estado": "ok", "etapa": "transform", "filas_aceptadas": 1836537, "filas_rechazadas": 0, "fuente": "FIRMS", "smoke": false, "timestamp": "2026-06-04T19:12:50.601828+00:00"}
{"estado": "iniciado", "etapa": "load", "filas_leidas": 1836537, "fuente": "FIRMS", "smoke": false, "timestamp": "2026-06-04T19:12:50.616329+00:00"}
{"estado": "ok", "etapa": "load", "filas_actualizadas": 0, "filas_insertadas": 1836537, "filas_leidas": 1836537, "filas_rechazadas": 0, "filas_sin_cambio": 0, "fuente": "FIRMS", "promocion_dw": true, "smoke": false, "timestamp": "2026-06-04T19:30:03.468357+00:00"}
{"estado": "omitido", "etapa": "mongo", "fuente": "FIRMS", "motivo": "skip_mongo", "smoke": false, "timestamp": "2026-06-04T19:30:03.485831+00:00"}
{"duracion_segundos": 1274.605, "estado": "ok", "etapa": "pipeline", "filas_actualizadas": 0, "filas_cargadas": 1836537, "filas_insertadas": 1836537, "filas_leidas": 1836537, "filas_rechazadas": 0, "filas_sin_cambio": 0, "fuente": "FIRMS", "smoke": false, "timestamp": "2026-06-04T19:30:03.486378+00:00"}
{"estado": "fin", "etapa": "pipeline", "fuente": "FIRMS", "smoke": false, "timestamp": "2026-06-04T19:30:06.691901+00:00"}

[carga-completa] Cargando fuente real METEO...
{"countries": ["URY", "ARG", "BRA"], "end_date": null, "estado": "inicio", "etapa": "pipeline", "fuente": "METEO", "max_records_per_source": null, "nota": "carga solicitada", "skip_mongo": true, "smoke": false, "start_date": null, "timestamp": "2026-06-04T19:30:08.371517+00:00"}
{"estado": "iniciado", "etapa": "inicio", "fuente": "METEO", "smoke": false, "timestamp": "2026-06-04T19:30:08.371599+00:00"}
{"estado": "iniciado", "etapa": "extract", "fuente": "METEO", "smoke": false, "timestamp": "2026-06-04T19:30:08.454422+00:00"}
{"estado": "ok", "etapa": "extract", "filas_filtradas": 88087, "filas_leidas": 88087, "fuente": "METEO", "smoke": false, "timestamp": "2026-06-04T19:30:08.503147+00:00"}
{"estado": "iniciado", "etapa": "transform", "filas_leidas": 88087, "fuente": "METEO", "smoke": false, "timestamp": "2026-06-04T19:30:08.503241+00:00"}
{"estado": "ok", "etapa": "transform", "filas_aceptadas": 67309, "filas_rechazadas": 20778, "fuente": "METEO", "smoke": false, "timestamp": "2026-06-04T19:30:45.640188+00:00"}
{"estado": "iniciado", "etapa": "load", "filas_leidas": 88087, "fuente": "METEO", "smoke": false, "timestamp": "2026-06-04T19:30:45.640300+00:00"}
{"estado": "ok", "etapa": "load", "filas_actualizadas": 0, "filas_insertadas": 67309, "filas_leidas": 88087, "filas_rechazadas": 20778, "filas_sin_cambio": 0, "fuente": "METEO", "promocion_dw": true, "smoke": false, "timestamp": "2026-06-04T19:31:30.909454+00:00"}
{"estado": "omitido", "etapa": "mongo", "fuente": "METEO", "motivo": "skip_mongo", "smoke": false, "timestamp": "2026-06-04T19:31:30.909645+00:00"}
{"duracion_segundos": 82.538, "estado": "ok", "etapa": "pipeline", "filas_actualizadas": 0, "filas_cargadas": 67309, "filas_insertadas": 67309, "filas_leidas": 88087, "filas_rechazadas": 20778, "filas_sin_cambio": 0, "fuente": "METEO", "smoke": false, "timestamp": "2026-06-04T19:31:30.909706+00:00"}
{"estado": "fin", "etapa": "pipeline", "fuente": "METEO", "smoke": false, "timestamp": "2026-06-04T19:31:30.954387+00:00"}

[carga-completa] Cargando fuente real CAMS...
{"countries": ["URY", "ARG", "BRA"], "end_date": null, "estado": "inicio", "etapa": "pipeline", "fuente": "CAMS", "max_records_per_source": null, "nota": "carga solicitada", "skip_mongo": true, "smoke": false, "start_date": null, "timestamp": "2026-06-04T19:31:31.450208+00:00"}
{"estado": "iniciado", "etapa": "inicio", "fuente": "CAMS", "smoke": false, "timestamp": "2026-06-04T19:31:31.450300+00:00"}
{"estado": "iniciado", "etapa": "extract", "fuente": "CAMS", "smoke": false, "timestamp": "2026-06-04T19:31:31.503479+00:00"}
{"estado": "ok", "etapa": "extract", "filas_filtradas": 41465, "filas_leidas": 41465, "fuente": "CAMS", "smoke": false, "timestamp": "2026-06-04T19:31:31.535733+00:00"}
{"estado": "iniciado", "etapa": "transform", "filas_leidas": 41465, "fuente": "CAMS", "smoke": false, "timestamp": "2026-06-04T19:31:31.535837+00:00"}
{"estado": "ok", "etapa": "transform", "filas_aceptadas": 30793, "filas_rechazadas": 10672, "fuente": "CAMS", "smoke": false, "timestamp": "2026-06-04T19:31:47.528062+00:00"}
{"estado": "iniciado", "etapa": "load", "filas_leidas": 41465, "fuente": "CAMS", "smoke": false, "timestamp": "2026-06-04T19:31:47.528165+00:00"}
{"estado": "ok", "etapa": "load", "filas_actualizadas": 0, "filas_insertadas": 30793, "filas_leidas": 41465, "filas_rechazadas": 10672, "filas_sin_cambio": 0, "fuente": "CAMS", "promocion_dw": true, "smoke": false, "timestamp": "2026-06-04T19:32:08.703142+00:00"}
{"estado": "omitido", "etapa": "mongo", "fuente": "CAMS", "motivo": "skip_mongo", "smoke": false, "timestamp": "2026-06-04T19:32:08.703283+00:00"}
{"duracion_segundos": 37.253, "estado": "ok", "etapa": "pipeline", "filas_actualizadas": 0, "filas_cargadas": 30793, "filas_insertadas": 30793, "filas_leidas": 41465, "filas_rechazadas": 10672, "filas_sin_cambio": 0, "fuente": "CAMS", "smoke": false, "timestamp": "2026-06-04T19:32:08.703390+00:00"}
{"estado": "fin", "etapa": "pipeline", "fuente": "CAMS", "smoke": false, "timestamp": "2026-06-04T19:32:08.722308+00:00"}

[carga-completa] Cargando fuente real CHIRPS...
{"countries": ["URY", "ARG", "BRA"], "end_date": null, "estado": "inicio", "etapa": "pipeline", "fuente": "CHIRPS", "max_records_per_source": null, "nota": "carga solicitada", "skip_mongo": true, "smoke": false, "start_date": null, "timestamp": "2026-06-04T19:32:09.204662+00:00"}
{"estado": "iniciado", "etapa": "inicio", "fuente": "CHIRPS", "smoke": false, "timestamp": "2026-06-04T19:32:09.204749+00:00"}
{"estado": "iniciado", "etapa": "extract", "fuente": "CHIRPS", "smoke": false, "timestamp": "2026-06-04T19:32:09.207700+00:00"}
{"estado": "ok", "etapa": "extract", "filas_filtradas": 2262, "filas_leidas": 2886, "fuente": "CHIRPS", "smoke": false, "timestamp": "2026-06-04T19:32:09.223246+00:00"}
{"estado": "iniciado", "etapa": "transform", "filas_leidas": 2262, "fuente": "CHIRPS", "smoke": false, "timestamp": "2026-06-04T19:32:09.223330+00:00"}
{"estado": "ok", "etapa": "transform", "filas_aceptadas": 2262, "filas_rechazadas": 0, "fuente": "CHIRPS", "smoke": false, "timestamp": "2026-06-04T19:32:09.459729+00:00"}
{"estado": "iniciado", "etapa": "load", "filas_leidas": 2262, "fuente": "CHIRPS", "smoke": false, "timestamp": "2026-06-04T19:32:09.459815+00:00"}
{"estado": "ok", "etapa": "load", "filas_actualizadas": 0, "filas_insertadas": 2262, "filas_leidas": 2262, "filas_rechazadas": 0, "filas_sin_cambio": 0, "fuente": "CHIRPS", "promocion_dw": true, "smoke": false, "timestamp": "2026-06-04T19:32:10.480448+00:00"}
{"estado": "omitido", "etapa": "mongo", "fuente": "CHIRPS", "motivo": "skip_mongo", "smoke": false, "timestamp": "2026-06-04T19:32:10.480590+00:00"}
{"duracion_segundos": 1.276, "estado": "ok", "etapa": "pipeline", "filas_actualizadas": 0, "filas_cargadas": 2262, "filas_insertadas": 2262, "filas_leidas": 2262, "filas_rechazadas": 0, "filas_sin_cambio": 0, "fuente": "CHIRPS", "smoke": false, "timestamp": "2026-06-04T19:32:10.480676+00:00"}
{"estado": "fin", "etapa": "pipeline", "fuente": "CHIRPS", "smoke": false, "timestamp": "2026-06-04T19:32:10.481474+00:00"}

[carga-completa] Cargando fuente real MODIS...
{"countries": ["URY", "ARG", "BRA"], "end_date": null, "estado": "inicio", "etapa": "pipeline", "fuente": "MODIS", "max_records_per_source": null, "nota": "carga solicitada", "skip_mongo": true, "smoke": false, "start_date": null, "timestamp": "2026-06-04T19:32:10.945928+00:00"}
{"estado": "iniciado", "etapa": "inicio", "fuente": "MODIS", "smoke": false, "timestamp": "2026-06-04T19:32:10.946016+00:00"}
{"estado": "iniciado", "etapa": "extract", "fuente": "MODIS", "smoke": false, "timestamp": "2026-06-04T19:32:10.952208+00:00"}
{"estado": "ok", "etapa": "extract", "filas_filtradas": 63, "filas_leidas": 63, "fuente": "MODIS", "smoke": false, "timestamp": "2026-06-04T19:32:10.977359+00:00"}
{"estado": "iniciado", "etapa": "transform", "filas_leidas": 63, "fuente": "MODIS", "smoke": false, "timestamp": "2026-06-04T19:32:10.977459+00:00"}
{"estado": "ok", "etapa": "transform", "filas_aceptadas": 63, "filas_rechazadas": 0, "fuente": "MODIS", "smoke": false, "timestamp": "2026-06-04T19:32:10.984176+00:00"}
{"estado": "iniciado", "etapa": "load", "filas_leidas": 63, "fuente": "MODIS", "smoke": false, "timestamp": "2026-06-04T19:32:10.984264+00:00"}
{"estado": "ok", "etapa": "load", "filas_actualizadas": 0, "filas_insertadas": 63, "filas_leidas": 63, "filas_rechazadas": 0, "filas_sin_cambio": 0, "fuente": "MODIS", "promocion_dw": true, "smoke": false, "timestamp": "2026-06-04T19:32:11.027222+00:00"}
{"estado": "omitido", "etapa": "mongo", "fuente": "MODIS", "motivo": "skip_mongo", "smoke": false, "timestamp": "2026-06-04T19:32:11.027353+00:00"}
{"duracion_segundos": 0.081, "estado": "ok", "etapa": "pipeline", "filas_actualizadas": 0, "filas_cargadas": 63, "filas_insertadas": 63, "filas_leidas": 63, "filas_rechazadas": 0, "filas_sin_cambio": 0, "fuente": "MODIS", "smoke": false, "timestamp": "2026-06-04T19:32:11.027417+00:00"}
{"estado": "fin", "etapa": "pipeline", "fuente": "MODIS", "smoke": false, "timestamp": "2026-06-04T19:32:11.027518+00:00"}
[carga-completa] Asociando dimensiones ambientales por proximidad espacial/temporal si hay datos...
{'asociacion_id': 'fce0ca37-96ee-4136-882a-d9c67fc3e96b', 'duracion_segundos': 2179.464, 'metricas': {'clima': {'total_hechos': 1836537, 'asociados': 39128, 'sin_asociar': 1797409, 'umbral_km': 150.0, 'distancia_maxima_km': 99.9995427508918, 'updates': 39128}, 'precipitacion': {'total_hechos': 1836537, 'asociados': 5017, 'sin_asociar': 1831520, 'umbral_km': 100.0, 'distancia_maxima_km': 99.96969451678898, 'updates': 5017}, 'cobertura': {'total_hechos': 1836537, 'asociados': 36585, 'sin_asociar': 1799952, 'umbral_km': 100.0, 'distancia_maxima_km': 99.9995427508918, 'updates': 36585}}}
[carga-completa] Insertando metadata y snapshots reales en MongoDB local...
{ acknowledged: true, deletedCount: 1 }
[carga-completa] Validando conteos finales PostgreSQL...
          tabla           |  filas  
--------------------------+---------
 dw.dim_cobertura_vegetal |      63
 staging.stg_modis        |      63
 dw.dim_precipitacion     |    2262
 staging.stg_chirps       |    2262
 dw.dim_calidad_aire      |   30793
 dw.dim_clima             |   67309
 staging.stg_calidad_aire |   30793
 staging.stg_meteo        |   67309
 dw.fact_incendio         | 1836537
 staging.stg_firms        | 1836537
(10 rows)

 pais_codigo |  focos  
-------------+---------
 ARG         |   96232
 BRA         | 1737010
 URY         |    3295
(3 rows)

 paises_fuera_alcance_staging_firms 
------------------------------------
                                  0
(1 row)

 fuente | rechazos 
--------+----------
 CAMS   |    10672
 METEO  |    20778
(2 rows)

[carga-completa] Validando MongoDB local...
{
  database: 'proyecto_lidia',
  collections: [
    'ingesta_metadata',
    'pipeline_logs',
    'raw_payloads',
    'rechazos_etl',
    'snapshots_firms'
  ],
  counts: {
    ingesta_metadata: 11,
    pipeline_logs: 11,
    raw_payloads: 1700,
    rechazos_etl: 0,
    snapshots_firms: 5
  }
}
[
  {
    run_id: 'local-completa-CAMS',
    fuente: 'CAMS',
    estado: 'ok',
    metricas: {
      filas_leidas: 41465,
      filas_insertadas: 30793,
      filas_actualizadas: 0,
      filas_rechazadas: 10672
    },
    modo: 'carga_completa_local',
    registrado_en: ISODate('2026-06-04T20:08:31.658Z')
  }
]
[
  {
    fecha: ISODate('2026-06-04T20:08:32.787Z'),
    pais_codigo: 'ARG',
    total_focos: 96232,
    resumen: {
      modo: 'carga_completa_local',
      fuente: 'FIRMS',
      frp_total_mw: 1126778.94,
      frp_promedio_mw: 11.709,
      brightness_descripcion: 'brillo_termico_pixel_satelital'
    }
  }
]
[carga-completa] Ejecutando compileall y pytest...
......................                                                   [100%]
22 passed in 0.46s

# Carga completa local finalizada
- Log general: evidencia/logs/carga_completa_local.log
- Conteos PostgreSQL: evidencia/logs/carga_completa_postgres_conteos.log
- Conteos MongoDB: evidencia/logs/carga_completa_mongo_conteos.log
- Fuentes cargadas: FIRMS METEO CAMS CHIRPS MODIS
- INUMET queda omitido si no se configuro INUMET_FILE real.
[local-reset] Finalizado: 2026-06-04T17:08:36-03:00
