proyecto_lidia> | | | | | | | [Function: ensureCollection]
proyecto_lidia> 
proyecto_lidia> 
proyecto_lidia> 
proyecto_lidia> | | | | | | | | | | | | 
proyecto_lidia> 
proyecto_lidia> | | | | | | | | | | | | 
proyecto_lidia> 
proyecto_lidia> | | | | | | | | | | | 
proyecto_lidia> 
proyecto_lidia> | | | | | | | | | | | | 
proyecto_lidia> 
proyecto_lidia> | | | | | | | | | | | 
proyecto_lidia> 
proyecto_lidia> | | | | | | | | | | {
  database: 'proyecto_lidia',
  collections: [
    'ingesta_metadata',
    'pipeline_logs',
    'raw_payloads',
    'rechazos_etl',
    'snapshots_firms'
  ],
  counts: {
    ingesta_metadata: 11,
    rechazos_etl: 0,
    raw_payloads: 1700,
    pipeline_logs: 11,
    snapshots_firms: 5
  }
}

proyecto_lidia> 