{
  "fuente": "Open-Meteo historico",
  "etiqueta_tecnica": "METEO",
  "periodo_incremental": {
    "desde": "2025-01-01",
    "hasta": "2025-12-31"
  },
  "puntos_configurados": 31,
  "variables": [
    "temperature_2m",
    "relative_humidity_2m",
    "wind_speed_10m",
    "wind_direction_10m",
    "rain",
    "surface_pressure"
  ],
  "errores_api": [],
  "particion_2025_reutilizada": true,
  "estado": "ok",
  "archivo_2025": "/home/pepo/Datos completos/Proyecto-LIDIA-ec3-pedro/data/processed/meteo_2025.parquet",
  "archivo_final": "/home/pepo/Datos completos/Proyecto-LIDIA-ec3-pedro/data/processed/meteo_2018_2025.parquet",
  "historico_usado": "/home/pepo/Datos completos/Proyecto-LIDIA-ec3-pedro/data/processed/meteo_2018_2025.parquet",
  "backup": "/home/pepo/Datos completos/Proyecto-LIDIA-ec3-pedro/data/processed/meteo_2018_2025_before_2025_complement.parquet",
  "filas_2025_raw": 271560,
  "filas_2025_utiles": 271560,
  "filas_finales": 325348,
  "duplicados_eliminados": 0,
  "resumen_2025": {
    "filas": 271560,
    "fecha_min": "2025-01-01",
    "fecha_max": "2025-12-31",
    "paises": {
      "ARG": 52560,
      "BRA": 52560,
      "URY": 166440
    },
    "puntos": [
      "Artigas",
      "Canelones",
      "Caxias_do_Sul",
      "Cerro_Largo",
      "Chaco",
      "Colonia",
      "Corrientes",
      "Durazno",
      "Flores",
      "Florida",
      "Formosa",
      "Lavalleja",
      "Maldonado",
      "Misiones",
      "Montevideo",
      "Parana",
      "Paysandu",
      "Pelotas",
      "Rio_Grande_do_Sul",
      "Rio_Negro",
      "Rivera",
      "Rocha",
      "Salta",
      "Salto",
      "San_Jose",
      "Santa_Catarina",
      "Santiago_del_Estero",
      "Soriano",
      "Tacuarembo",
      "Treinta_y_Tres",
      "Uruguaiana"
    ]
  },
  "resumen_final": {
    "filas": 325348,
    "fecha_min": "2018-01-01",
    "fecha_max": "2025-12-31",
    "paises": {
      "ARG": 62788,
      "BRA": 65345,
      "URY": 197215
    },
    "puntos": [
      "Artigas",
      "Brasília",
      "Buenos_Aires",
      "Campo_Grande",
      "Canelones",
      "Caxias_do_Sul",
      "Cerro_Largo",
      "Chaco",
      "Colonia",
      "Colonia_del_Sacramento",
      "Corrientes",
      "Cuiabá",
      "Durazno",
      "Flores",
      "Florida",
      "Formosa",
      "Lavalleja",
      "Maldonado",
      "Manaus",
      "Melo",
      "Mendoza",
      "Misiones",
      "Montevideo",
      "Parana",
      "Paysandu",
      "Pelotas",
      "Porto_Alegre",
      "Posadas",
      "Rio_Grande_do_Sul",
      "Rio_Negro",
      "Rivera",
      "Rocha",
      "Salta",
      "Salto",
      "San_Jose",
      "Santa_Catarina",
      "Santiago_del_Estero",
      "Soriano",
      "Tacuarembo",
      "Treinta_y_Tres",
      "Uruguaiana"
    ]
  }
}
