# Preparacion datasets 2018-2025

| fuente | estado | filas entrada | filas salida | desde | hasta | salida | notas |
|---|---|---:|---:|---|---|---|---|
| FIRMS | parcial | 1946361 | 1836537 | 2024-01-01 | 2024-12-31 | /home/pepo/Datos completos/Proyecto-LIDIA-ec3-pedro/data/processed/firms_2018_2025.parquet | filtro_temporal_columna=fecha_adq, paises_fuera_alcance_removidos=85720, FIRMS_incompleto_faltan_anios_iniciales, FIRMS_incompleto_faltan_anios_finales |
| CAMS | ok | 98449 | 58108 | 2018-01-01 | 2025-12-31 | /home/pepo/Datos completos/Proyecto-LIDIA-ec3-pedro/data/processed/cams_2018_2025.parquet | filtro_temporal_columna=fecha, paises_fuera_alcance_removidos=37986 |
| CHIRPS | parcial | 2886 | 2262 | 2018-01-01 | 2024-12-01 | /home/pepo/Datos completos/Proyecto-LIDIA-ec3-pedro/data/processed/chirps_2018_2025.parquet | filtro_temporal_columna=fecha, paises_fuera_alcance_removidos=624, CHIRPS_incompleto_faltan_anios_finales |
| METEO | parcial | 88087 | 53788 | 2018-01-01 | 2024-12-31 | /home/pepo/Datos completos/Proyecto-LIDIA-ec3-pedro/data/processed/meteo_2018_2025.parquet | filtro_temporal_columna=fecha, paises_fuera_alcance_removidos=33241, METEO_incompleto_faltan_anios_finales |
| INUMET | parcial | 242126 | 224369 | 2020-01-01 | 2025-12-31 | /home/pepo/Datos completos/Proyecto-LIDIA-ec3-pedro/data/processed/inumet_2018_2025.parquet | filtro_temporal_columna=fecha_hora_utc, INUMET_incompleto_faltan_anios_iniciales |
| MODIS | parcial | 63 | 63 | 2018-01-01 | 2024-01-01 | /home/pepo/Datos completos/Proyecto-LIDIA-ec3-pedro/data/processed/modis_2018_2025.parquet | filtro_temporal_columna=anio, MODIS_incompleto_faltan_anios_finales, MODIS_sin_uruguay_en_fuente_local |

```json
[
  {
    "source": "FIRMS",
    "input_file": "/home/pepo/Datos completos/Proyecto-LIDIA-ec3-pedro/data/processed/firms_procesado.parquet",
    "output_file": "/home/pepo/Datos completos/Proyecto-LIDIA-ec3-pedro/data/processed/firms_2018_2025.parquet",
    "rows_in": 1946361,
    "rows_out": 1836537,
    "date_min": "2024-01-01",
    "date_max": "2024-12-31",
    "countries": {
      "BRA": 1737010,
      "ARG": 96232,
      "URY": 3295
    },
    "status": "parcial",
    "notes": [
      "filtro_temporal_columna=fecha_adq",
      "paises_fuera_alcance_removidos=85720",
      "FIRMS_incompleto_faltan_anios_iniciales",
      "FIRMS_incompleto_faltan_anios_finales"
    ]
  },
  {
    "source": "CAMS",
    "input_file": "/home/pepo/Datos completos/Proyecto-LIDIA-ec3-pedro/data/processed/cams_procesado_todos.parquet",
    "output_file": "/home/pepo/Datos completos/Proyecto-LIDIA-ec3-pedro/data/processed/cams_2018_2025.parquet",
    "rows_in": 98449,
    "rows_out": 58108,
    "date_min": "2018-01-01",
    "date_max": "2025-12-31",
    "countries": {
      "URY": 35095,
      "BRA": 12785,
      "ARG": 10228
    },
    "status": "ok",
    "notes": [
      "filtro_temporal_columna=fecha",
      "paises_fuera_alcance_removidos=37986"
    ]
  },
  {
    "source": "CHIRPS",
    "input_file": "/home/pepo/Datos completos/Proyecto-LIDIA-ec3-pedro/data/processed/chirps_sa.parquet",
    "output_file": "/home/pepo/Datos completos/Proyecto-LIDIA-ec3-pedro/data/processed/chirps_2018_2025.parquet",
    "rows_in": 2886,
    "rows_out": 2262,
    "date_min": "2018-01-01",
    "date_max": "2024-12-01",
    "countries": {
      "URY": 1560,
      "BRA": 390,
      "ARG": 312
    },
    "status": "parcial",
    "notes": [
      "filtro_temporal_columna=fecha",
      "paises_fuera_alcance_removidos=624",
      "CHIRPS_incompleto_faltan_anios_finales"
    ]
  },
  {
    "source": "METEO",
    "input_file": "/home/pepo/Datos completos/Proyecto-LIDIA-ec3-pedro/data/processed/meteo_procesado_todos.parquet",
    "output_file": "/home/pepo/Datos completos/Proyecto-LIDIA-ec3-pedro/data/processed/meteo_2018_2025.parquet",
    "rows_in": 88087,
    "rows_out": 53788,
    "date_min": "2018-01-01",
    "date_max": "2024-12-31",
    "countries": {
      "URY": 30775,
      "BRA": 12785,
      "ARG": 10228
    },
    "status": "parcial",
    "notes": [
      "filtro_temporal_columna=fecha",
      "paises_fuera_alcance_removidos=33241",
      "METEO_incompleto_faltan_anios_finales"
    ]
  },
  {
    "source": "INUMET",
    "input_file": "/home/pepo/Datos completos/Proyecto-LIDIA-ec3-pedro/data/processed/inumet_procesado.parquet",
    "output_file": "/home/pepo/Datos completos/Proyecto-LIDIA-ec3-pedro/data/processed/inumet_2018_2025.parquet",
    "rows_in": 242126,
    "rows_out": 224369,
    "date_min": "2020-01-01",
    "date_max": "2025-12-31",
    "countries": {
      "URY": 224369
    },
    "status": "parcial",
    "notes": [
      "filtro_temporal_columna=fecha_hora_utc",
      "INUMET_incompleto_faltan_anios_iniciales"
    ]
  },
  {
    "source": "MODIS",
    "input_file": "/home/pepo/Datos completos/Proyecto-LIDIA-ec3-pedro/data/processed/modis_lc.parquet",
    "output_file": "/home/pepo/Datos completos/Proyecto-LIDIA-ec3-pedro/data/processed/modis_2018_2025.parquet",
    "rows_in": 63,
    "rows_out": 63,
    "date_min": "2018-01-01",
    "date_max": "2024-01-01",
    "countries": {
      "BRA": 35,
      "ARG": 28
    },
    "status": "parcial",
    "notes": [
      "filtro_temporal_columna=anio",
      "MODIS_incompleto_faltan_anios_finales",
      "MODIS_sin_uruguay_en_fuente_local"
    ]
  }
]
```
