{
  "estado": "ok",
  "fuente": "CHIRPS",
  "servidor": "https://data.chc.ucsb.edu/products/CHIRPS-2.0/global_monthly/tifs",
  "descargas": [
    "/home/pepo/Datos completos/Proyecto-LIDIA-ec3-pedro/data/raw/chirps/2025/chirps-v2.0.2025.01.tif",
    "/home/pepo/Datos completos/Proyecto-LIDIA-ec3-pedro/data/raw/chirps/2025/chirps-v2.0.2025.02.tif",
    "/home/pepo/Datos completos/Proyecto-LIDIA-ec3-pedro/data/raw/chirps/2025/chirps-v2.0.2025.03.tif",
    "/home/pepo/Datos completos/Proyecto-LIDIA-ec3-pedro/data/raw/chirps/2025/chirps-v2.0.2025.04.tif",
    "/home/pepo/Datos completos/Proyecto-LIDIA-ec3-pedro/data/raw/chirps/2025/chirps-v2.0.2025.05.tif",
    "/home/pepo/Datos completos/Proyecto-LIDIA-ec3-pedro/data/raw/chirps/2025/chirps-v2.0.2025.06.tif",
    "/home/pepo/Datos completos/Proyecto-LIDIA-ec3-pedro/data/raw/chirps/2025/chirps-v2.0.2025.07.tif",
    "/home/pepo/Datos completos/Proyecto-LIDIA-ec3-pedro/data/raw/chirps/2025/chirps-v2.0.2025.08.tif",
    "/home/pepo/Datos completos/Proyecto-LIDIA-ec3-pedro/data/raw/chirps/2025/chirps-v2.0.2025.09.tif",
    "/home/pepo/Datos completos/Proyecto-LIDIA-ec3-pedro/data/raw/chirps/2025/chirps-v2.0.2025.10.tif",
    "/home/pepo/Datos completos/Proyecto-LIDIA-ec3-pedro/data/raw/chirps/2025/chirps-v2.0.2025.11.tif",
    "/home/pepo/Datos completos/Proyecto-LIDIA-ec3-pedro/data/raw/chirps/2025/chirps-v2.0.2025.12.tif"
  ],
  "errores": [],
  "netcdf_locales": "Los .nc locales en /home/pepo/Datos completos/chirps_daily son HTML 404 y no se usaron.",
  "puntos_procesados": 28,
  "puntos_sin_coordenadas": [],
  "filas_historico_inicial": 2262,
  "filas_2025": 336,
  "filas_finales": 2598,
  "duplicados_eliminados": 0,
  "archivo_2025": "/home/pepo/Datos completos/Proyecto-LIDIA-ec3-pedro/data/processed/chirps_2025.parquet",
  "archivo_final": "/home/pepo/Datos completos/Proyecto-LIDIA-ec3-pedro/data/processed/chirps_2018_2025.parquet",
  "resumen_2025": {
    "filas": 336,
    "fecha_min": "2025-01-01",
    "fecha_max": "2025-12-01",
    "paises": {
      "ARG": 48,
      "BRA": 60,
      "URY": 228
    },
    "puntos": [
      "Artigas",
      "Brasília",
      "Buenos_Aires",
      "Campo_Grande",
      "Canelones",
      "Colonia_del_Sacramento",
      "Cuiabá",
      "Durazno",
      "Florida",
      "Fray_Bentos",
      "Maldonado",
      "Manaus",
      "Melo",
      "Mendoza",
      "Mercedes",
      "Minas",
      "Montevideo",
      "Paysandu",
      "Porto_Alegre",
      "Posadas",
      "Rivera",
      "Rocha",
      "Salta",
      "Salto",
      "San_Jose_de_Mayo",
      "Tacuarembo",
      "Treinta_y_Tres",
      "Trinidad"
    ]
  },
  "resumen_final": {
    "filas": 2598,
    "fecha_min": "2018-01-01",
    "fecha_max": "2025-12-01",
    "paises": {
      "ARG": 360,
      "BRA": 450,
      "URY": 1788
    },
    "puntos": [
      "Artigas",
      "Brasília",
      "Buenos_Aires",
      "Campo_Grande",
      "Canelones",
      "Colonia_del_Sacramento",
      "Cuiabá",
      "Durazno",
      "Florida",
      "Fray_Bentos",
      "Maldonado",
      "Manaus",
      "Melo",
      "Mendoza",
      "Mercedes",
      "Minas",
      "Montevideo",
      "Paysandu",
      "Porto_Alegre",
      "Posadas",
      "Rivera",
      "Rocha",
      "Salta",
      "Salto",
      "San_Jose_de_Mayo",
      "Tacuarembo",
      "Treinta_y_Tres",
      "Trinidad"
    ]
  },
  "chl_final": 0,
  "nota": "No se inventan valores; se muestrean GeoTIFF mensuales oficiales CHIRPS para los puntos ya usados por el proyecto."
}
